0 info it worked if it ends with ok
1 verbose cli [ 'C:\\Program Files\\nodejs\\node.exe',
1 verbose cli   'C:\\Users\\liam\\AppData\\Roaming\\npm\\node_modules\\npm\\bin\\npm-cli.js',
1 verbose cli   'test' ]
2 info using npm@4.1.2
3 info using node@v8.9.0
4 verbose run-script [ 'pretest', 'test', 'posttest' ]
5 info lifecycle authorquiz@0.1.0~pretest: authorquiz@0.1.0
6 silly lifecycle authorquiz@0.1.0~pretest: no script for pretest, continuing
7 info lifecycle authorquiz@0.1.0~test: authorquiz@0.1.0
8 verbose lifecycle authorquiz@0.1.0~test: unsafe-perm in lifecycle true
9 verbose lifecycle authorquiz@0.1.0~test: PATH: C:\Users\liam\AppData\Roaming\npm\node_modules\npm\bin\node-gyp-bin;C:\authorquiz\node_modules\.bin;C:\Program Files\Git\mingw64\bin;C:\Program Files\Git\usr\bin;C:\Users\liam\bin;C:\ProgramData\Oracle\Java\javapath;C:\Program Files\Dell\DW WLAN Card;C:\Program Files (x86)\Intel\iCLS Client;C:\Program Files\Intel\iCLS Client;C:\Windows\system32;C:\Windows;C:\Windows\System32\Wbem;C:\Windows\System32\WindowsPowerShell\v1.0;C:\Program Files (x86)\Intel\Intel(R) Management Engine Components\DAL;C:\Program Files\Intel\Intel(R) Management Engine Components\DAL;C:\Program Files (x86)\Intel\Intel(R) Management Engine Components\IPT;C:\Program Files\Intel\Intel(R) Management Engine Components\IPT;C:\Program Files\WIDCOMM\Bluetooth Software;C:\Program Files\WIDCOMM\Bluetooth Software\syswow64;C:\Program Files (x86)\NVIDIA Corporation\PhysX\Common;C:\Users\liam\.dnx\bin;C:\Program Files\Microsoft DNX\Dnvm;C:\ProgramData\chocolatey\bin;C:\Program Files (x86)\GitExtensions;C:\Program Files\Microsoft\Web Platform Installer;C:\WINDOWS\system32;C:\WINDOWS;C:\WINDOWS\System32\Wbem;C:\WINDOWS\System32\WindowsPowerShell\v1.0;C:\Program Files (x86)\sbt\bin;C:\Program Files (x86)\scala\bin;C:\Program Files (x86)\QuickTime\QTSystem;C:\Program Files\Microsoft SQL Server\120\Tools\Binn;C:\Program Files\Microsoft SQL Server\130\Tools\Binn;C:\Program Files\Git\cmd;C:\Program Files (x86)\Common Files\Adobe\AGL;C:\Program Files (x86)\GtkSharp\2.12\bin;C:\Program Files\Common Files\Autodesk Shared;C:\Program Files (x86)\Autodesk\Backburner;C:\Program Files\Microsoft SQL Server\Client SDK\ODBC\130\Tools\Binn;C:\Program Files (x86)\Microsoft SQL Server\130\Tools\Binn;C:\Program Files\Microsoft SQL Server\130\DTS\Binn;C:\Program Files (x86)\Microsoft SQL Server\Client SDK\ODBC\130\Tools\Binn;C:\Program Files (x86)\Microsoft SQL Server\130\DTS\Binn;C:\Program Files (x86)\Microsoft SQL Server\130\Tools\Binn\ManagementStudio;C:\Program Files (x86)\Microsoft SDKs\F#\4.0\Framework\v4.0;C:\Program Files (x86)\Yarn\bin;C:\Program Files\dotnet;C:\Program Files (x86)\Windows Kits\8.0\Windows Performance Toolkit;C:\Program Files (x86)\Skype\Phone;C:\Program Files\nodejs;C:\Users\liam\.dnx\bin;C:\Program Files (x86)\Elm Platform\0.16\bin;C:\Users\liam\AppData\Local\atom\bin;C:\Users\liam\AppData\Local\Pandoc;C:\Program Files (x86)\Microsoft VS Code\bin;C:\Program Files (x86)\Microsoft VS Code;C:\Program Files\West Wind WebSurge;C:\Users\liam\AppData\Local\Microsoft\WindowsApps;C:\Users\liam\AppData\Local\Yarn\.bin;C:\Users\liam\AppData\Local\Programs\Fiddler;C:\Users\liam\AppData\Roaming\npm;C:\Users\liam\AppData\Local\Microsoft\WindowsApps;C:\Users\liam\AppData\Local\inkdrop\bin
10 verbose lifecycle authorquiz@0.1.0~test: CWD: C:\authorquiz
11 silly lifecycle authorquiz@0.1.0~test: Args: [ '/d /s /c', 'react-scripts test --env=jsdom' ]
12 silly lifecycle authorquiz@0.1.0~test: Returned: code: 3221225786  signal: null
13 info lifecycle authorquiz@0.1.0~test: Failed to exec test script
14 error Test failed.  See above for more details.
15 verbose exit [ 1, true ]
16 verbose stack Error: kill ENOSYS
16 verbose stack     at Object._errnoException (util.js:1024:11)
16 verbose stack     at process.kill (internal/process.js:183:18)
16 verbose stack     at process.listener (C:\Users\liam\AppData\Roaming\npm\node_modules\npm\node_modules\npmlog\node_modules\gauge\node_modules\signal-exit\index.js:95:15)
16 verbose stack     at emitNone (events.js:106:13)
16 verbose stack     at process.emit (events.js:208:7)
16 verbose stack     at processEmit (C:\Users\liam\AppData\Roaming\npm\node_modules\npm\node_modules\npmlog\node_modules\gauge\node_modules\signal-exit\index.js:155:32)
16 verbose stack     at Signal.wrap.onsignal (internal/process.js:208:44)
17 verbose cwd C:\authorquiz
18 error Windows_NT 10.0.16299
19 error argv "C:\\Program Files\\nodejs\\node.exe" "C:\\Users\\liam\\AppData\\Roaming\\npm\\node_modules\\npm\\bin\\npm-cli.js" "test"
20 error node v8.9.0
21 error npm  v4.1.2
22 error code ENOSYS
23 error errno ENOSYS
24 error syscall kill
25 error kill ENOSYS
26 error If you need help, you may report this error at:
26 error     <https://github.com/npm/npm/issues>
27 verbose exit [ 1, true ]
